# JRE version: Java(TM) SE Runtime Environment (8.0_181-b13) (build 1.8.0_181-b13)
# Java VM: Java HotSpot(TM) 64-Bit Server VM (25.181-b13 mixed mode windows-amd64 compressed oops)
Heap:
 PSYoungGen      total 68608K, used 50367K [0x00000000d7180000, 0x00000000db980000, 0x0000000100000000)
  eden space 63488K, 79% used [0x00000000d7180000,0x00000000da2aff30,0x00000000daf80000)
  from space 5120K, 0% used [0x00000000db480000,0x00000000db480000,0x00000000db980000)
  to   space 5120K, 0% used [0x00000000daf80000,0x00000000daf80000,0x00000000db480000)
 ParOldGen       total 50688K, used 6614K [0x0000000085400000, 0x0000000088580000, 0x00000000d7180000)
  object space 50688K, 13% used [0x0000000085400000,0x0000000085a75af8,0x0000000088580000)
 Metaspace       used 22606K, capacity 23080K, committed 23344K, reserved 1069056K
  class space    used 2774K, capacity 2878K, committed 2944K, reserved 1048576K
GC Heap History (10 events):
Event: 0.748 GC heap before
{Heap before GC invocations=1 (full 0):
 PSYoungGen      total 36864K, used 31744K [0x00000000d7180000, 0x00000000d9a80000, 0x0000000100000000)
  eden space 31744K, 100% used [0x00000000d7180000,0x00000000d9080000,0x00000000d9080000)
  from space 5120K, 0% used [0x00000000d9580000,0x00000000d9580000,0x00000000d9a80000)
  to   space 5120K, 0% used [0x00000000d9080000,0x00000000d9080000,0x00000000d9580000)
 ParOldGen       total 84992K, used 0K [0x0000000085400000, 0x000000008a700000, 0x00000000d7180000)
  object space 84992K, 0% used [0x0000000085400000,0x0000000085400000,0x000000008a700000)
 Metaspace       used 9343K, capacity 9564K, committed 9728K, reserved 1058816K
  class space    used 1111K, capacity 1186K, committed 1280K, reserved 1048576K
Event: 0.752 GC heap after
Heap after GC invocations=1 (full 0):
 PSYoungGen      total 36864K, used 4321K [0x00000000d7180000, 0x00000000d9a80000, 0x0000000100000000)
  eden space 31744K, 0% used [0x00000000d7180000,0x00000000d7180000,0x00000000d9080000)
  from space 5120K, 84% used [0x00000000d9080000,0x00000000d94b87c8,0x00000000d9580000)
  to   space 5120K, 0% used [0x00000000d9580000,0x00000000d9580000,0x00000000d9a80000)
 ParOldGen       total 84992K, used 80K [0x0000000085400000, 0x000000008a700000, 0x00000000d7180000)
  object space 84992K, 0% used [0x0000000085400000,0x0000000085414010,0x000000008a700000)
 Metaspace       used 9343K, capacity 9564K, committed 9728K, reserved 1058816K
  class space    used 1111K, capacity 1186K, committed 1280K, reserved 1048576K
}
Event: 1.166 GC heap before
{Heap before GC invocations=2 (full 0):
 PSYoungGen      total 36864K, used 36065K [0x00000000d7180000, 0x00000000d9a80000, 0x0000000100000000)
  eden space 31744K, 100% used [0x00000000d7180000,0x00000000d9080000,0x00000000d9080000)
  from space 5120K, 84% used [0x00000000d9080000,0x00000000d94b87c8,0x00000000d9580000)
  to   space 5120K, 0% used [0x00000000d9580000,0x00000000d9580000,0x00000000d9a80000)
 ParOldGen       total 84992K, used 80K [0x0000000085400000, 0x000000008a700000, 0x00000000d7180000)
  object space 84992K, 0% used [0x0000000085400000,0x0000000085414010,0x000000008a700000)
 Metaspace       used 14570K, capacity 14800K, committed 14976K, reserved 1062912K
  class space    used 1733K, capacity 1816K, committed 1920K, reserved 1048576K
Event: 1.194 GC heap after
Heap after GC invocations=2 (full 0):
 PSYoungGen      total 36864K, used 5103K [0x00000000d7180000, 0x00000000db980000, 0x0000000100000000)
  eden space 31744K, 0% used [0x00000000d7180000,0x00000000d7180000,0x00000000d9080000)
  from space 5120K, 99% used [0x00000000d9580000,0x00000000d9a7bc48,0x00000000d9a80000)
  to   space 5120K, 0% used [0x00000000d9080000,0x00000000d9080000,0x00000000d9580000)
 ParOldGen       total 84992K, used 663K [0x0000000085400000, 0x000000008a700000, 0x00000000d7180000)
  object space 84992K, 0% used [0x0000000085400000,0x00000000854a5dd0,0x000000008a700000)
 Metaspace       used 14570K, capacity 14800K, committed 14976K, reserved 1062912K
  class space    used 1733K, capacity 1816K, committed 1920K, reserved 1048576K
}
Event: 1.627 GC heap before
{Heap before GC invocations=3 (full 0):
 PSYoungGen      total 36864K, used 36847K [0x00000000d7180000, 0x00000000db980000, 0x0000000100000000)
  eden space 31744K, 100% used [0x00000000d7180000,0x00000000d9080000,0x00000000d9080000)
  from space 5120K, 99% used [0x00000000d9580000,0x00000000d9a7bc48,0x00000000d9a80000)
  to   space 5120K, 0% used [0x00000000d9080000,0x00000000d9080000,0x00000000d9580000)
 ParOldGen       total 84992K, used 663K [0x0000000085400000, 0x000000008a700000, 0x00000000d7180000)
  object space 84992K, 0% used [0x0000000085400000,0x00000000854a5dd0,0x000000008a700000)
 Metaspace       used 17470K, capacity 17846K, committed 18176K, reserved 1064960K
  class space    used 2112K, capacity 2215K, committed 2304K, reserved 1048576K
Event: 1.631 GC heap after
Heap after GC invocations=3 (full 0):
 PSYoungGen      total 36864K, used 5098K [0x00000000d7180000, 0x00000000db980000, 0x0000000100000000)
  eden space 31744K, 0% used [0x00000000d7180000,0x00000000d7180000,0x00000000d9080000)
  from space 5120K, 99% used [0x00000000d9080000,0x00000000d957aa10,0x00000000d9580000)
  to   space 5120K, 0% used [0x00000000db480000,0x00000000db480000,0x00000000db980000)
 ParOldGen       total 84992K, used 1483K [0x0000000085400000, 0x000000008a700000, 0x00000000d7180000)
  object space 84992K, 1% used [0x0000000085400000,0x0000000085572c28,0x000000008a700000)
 Metaspace       used 17470K, capacity 17846K, committed 18176K, reserved 1064960K
  class space    used 2112K, capacity 2215K, committed 2304K, reserved 1048576K
}
Event: 1.869 GC heap before
{Heap before GC invocations=4 (full 0):
 PSYoungGen      total 36864K, used 31272K [0x00000000d7180000, 0x00000000db980000, 0x0000000100000000)
  eden space 31744K, 82% used [0x00000000d7180000,0x00000000d8b0f608,0x00000000d9080000)
  from space 5120K, 99% used [0x00000000d9080000,0x00000000d957aa10,0x00000000d9580000)
  to   space 5120K, 0% used [0x00000000db480000,0x00000000db480000,0x00000000db980000)
 ParOldGen       total 84992K, used 1483K [0x0000000085400000, 0x000000008a700000, 0x00000000d7180000)
  object space 84992K, 1% used [0x0000000085400000,0x0000000085572c28,0x000000008a700000)
 Metaspace       used 20745K, capacity 21136K, committed 21296K, reserved 1069056K
  class space    used 2543K, capacity 2668K, committed 2688K, reserved 1048576K
Event: 1.874 GC heap after
Heap after GC invocations=4 (full 0):
 PSYoungGen      total 68608K, used 5118K [0x00000000d7180000, 0x00000000db980000, 0x0000000100000000)
  eden space 63488K, 0% used [0x00000000d7180000,0x00000000d7180000,0x00000000daf80000)
  from space 5120K, 99% used [0x00000000db480000,0x00000000db97f818,0x00000000db980000)
  to   space 5120K, 0% used [0x00000000daf80000,0x00000000daf80000,0x00000000db480000)
 ParOldGen       total 84992K, used 3020K [0x0000000085400000, 0x000000008a700000, 0x00000000d7180000)
  object space 84992K, 3% used [0x0000000085400000,0x00000000856f3060,0x000000008a700000)
 Metaspace       used 20745K, capacity 21136K, committed 21296K, reserved 1069056K
  class space    used 2543K, capacity 2668K, committed 2688K, reserved 1048576K
}
Event: 1.875 GC heap before
{Heap before GC invocations=5 (full 1):
 PSYoungGen      total 68608K, used 5118K [0x00000000d7180000, 0x00000000db980000, 0x0000000100000000)
  eden space 63488K, 0% used [0x00000000d7180000,0x00000000d7180000,0x00000000daf80000)
  from space 5120K, 99% used [0x00000000db480000,0x00000000db97f818,0x00000000db980000)
  to   space 5120K, 0% used [0x00000000daf80000,0x00000000daf80000,0x00000000db480000)
 ParOldGen       total 84992K, used 3020K [0x0000000085400000, 0x000000008a700000, 0x00000000d7180000)
  object space 84992K, 3% used [0x0000000085400000,0x00000000856f3060,0x000000008a700000)
 Metaspace       used 20745K, capacity 21136K, committed 21296K, reserved 1069056K
  class space    used 2543K, capacity 2668K, committed 2688K, reserved 1048576K
Event: 1.895 GC heap after
Heap after GC invocations=5 (full 1):
 PSYoungGen      total 68608K, used 0K [0x00000000d7180000, 0x00000000db980000, 0x0000000100000000)
  eden space 63488K, 0% used [0x00000000d7180000,0x00000000d7180000,0x00000000daf80000)
  from space 5120K, 0% used [0x00000000db480000,0x00000000db480000,0x00000000db980000)
  to   space 5120K, 0% used [0x00000000daf80000,0x00000000daf80000,0x00000000db480000)
 ParOldGen       total 50688K, used 6614K [0x0000000085400000, 0x0000000088580000, 0x00000000d7180000)
  object space 50688K, 13% used [0x0000000085400000,0x0000000085a75af8,0x0000000088580000)
 Metaspace       used 20745K, capacity 21136K, committed 21296K, reserved 1069056K
  class space    used 2543K, capacity 2668K, committed 2688K, reserved 1048576K
}

