# JRE version: Java(TM) SE Runtime Environment (8.0_181-b13) (build 1.8.0_181-b13)
# Java VM: Java HotSpot(TM) 64-Bit Server VM (25.181-b13 mixed mode windows-amd64 compressed oops)
Heap:
 PSYoungGen      total 36864K, used 1876K [0x00000000d7180000, 0x00000000db980000, 0x0000000100000000)
  eden space 31744K, 5% used [0x00000000d7180000,0x00000000d7355368,0x00000000d9080000)
  from space 5120K, 0% used [0x00000000db480000,0x00000000db480000,0x00000000db980000)
  to   space 5120K, 0% used [0x00000000d9080000,0x00000000d9080000,0x00000000d9580000)
 ParOldGen       total 40448K, used 6712K [0x0000000085400000, 0x0000000087b80000, 0x00000000d7180000)
  object space 40448K, 16% used [0x0000000085400000,0x0000000085a8e1b0,0x0000000087b80000)
 Metaspace       used 20692K, capacity 21152K, committed 21552K, reserved 1069056K
  class space    used 2491K, capacity 2582K, committed 2688K, reserved 1048576K
GC Heap History (10 events):
Event: 0.715 GC heap before
{Heap before GC invocations=1 (full 0):
 PSYoungGen      total 36864K, used 31744K [0x00000000d7180000, 0x00000000d9a80000, 0x0000000100000000)
  eden space 31744K, 100% used [0x00000000d7180000,0x00000000d9080000,0x00000000d9080000)
  from space 5120K, 0% used [0x00000000d9580000,0x00000000d9580000,0x00000000d9a80000)
  to   space 5120K, 0% used [0x00000000d9080000,0x00000000d9080000,0x00000000d9580000)
 ParOldGen       total 84992K, used 0K [0x0000000085400000, 0x000000008a700000, 0x00000000d7180000)
  object space 84992K, 0% used [0x0000000085400000,0x0000000085400000,0x000000008a700000)
 Metaspace       used 8562K, capacity 8856K, committed 9088K, reserved 1056768K
  class space    used 996K, capacity 1076K, committed 1152K, reserved 1048576K
Event: 0.718 GC heap after
Heap after GC invocations=1 (full 0):
 PSYoungGen      total 36864K, used 4223K [0x00000000d7180000, 0x00000000d9a80000, 0x0000000100000000)
  eden space 31744K, 0% used [0x00000000d7180000,0x00000000d7180000,0x00000000d9080000)
  from space 5120K, 82% used [0x00000000d9080000,0x00000000d949ff60,0x00000000d9580000)
  to   space 5120K, 0% used [0x00000000d9580000,0x00000000d9580000,0x00000000d9a80000)
 ParOldGen       total 84992K, used 16K [0x0000000085400000, 0x000000008a700000, 0x00000000d7180000)
  object space 84992K, 0% used [0x0000000085400000,0x0000000085404000,0x000000008a700000)
 Metaspace       used 8562K, capacity 8856K, committed 9088K, reserved 1056768K
  class space    used 996K, capacity 1076K, committed 1152K, reserved 1048576K
}
Event: 1.197 GC heap before
{Heap before GC invocations=2 (full 0):
 PSYoungGen      total 36864K, used 35967K [0x00000000d7180000, 0x00000000d9a80000, 0x0000000100000000)
  eden space 31744K, 100% used [0x00000000d7180000,0x00000000d9080000,0x00000000d9080000)
  from space 5120K, 82% used [0x00000000d9080000,0x00000000d949ff60,0x00000000d9580000)
  to   space 5120K, 0% used [0x00000000d9580000,0x00000000d9580000,0x00000000d9a80000)
 ParOldGen       total 84992K, used 16K [0x0000000085400000, 0x000000008a700000, 0x00000000d7180000)
  object space 84992K, 0% used [0x0000000085400000,0x0000000085404000,0x000000008a700000)
 Metaspace       used 14461K, capacity 14734K, committed 14848K, reserved 1062912K
  class space    used 1686K, capacity 1773K, committed 1792K, reserved 1048576K
Event: 1.203 GC heap after
Heap after GC invocations=2 (full 0):
 PSYoungGen      total 36864K, used 5109K [0x00000000d7180000, 0x00000000d9a80000, 0x0000000100000000)
  eden space 31744K, 0% used [0x00000000d7180000,0x00000000d7180000,0x00000000d9080000)
  from space 5120K, 99% used [0x00000000d9580000,0x00000000d9a7d618,0x00000000d9a80000)
  to   space 5120K, 0% used [0x00000000d9080000,0x00000000d9080000,0x00000000d9580000)
 ParOldGen       total 84992K, used 132K [0x0000000085400000, 0x000000008a700000, 0x00000000d7180000)
  object space 84992K, 0% used [0x0000000085400000,0x00000000854212d8,0x000000008a700000)
 Metaspace       used 14461K, capacity 14734K, committed 14848K, reserved 1062912K
  class space    used 1686K, capacity 1773K, committed 1792K, reserved 1048576K
}
Event: 1.677 GC heap before
{Heap before GC invocations=3 (full 0):
 PSYoungGen      total 36864K, used 36853K [0x00000000d7180000, 0x00000000d9a80000, 0x0000000100000000)
  eden space 31744K, 100% used [0x00000000d7180000,0x00000000d9080000,0x00000000d9080000)
  from space 5120K, 99% used [0x00000000d9580000,0x00000000d9a7d618,0x00000000d9a80000)
  to   space 5120K, 0% used [0x00000000d9080000,0x00000000d9080000,0x00000000d9580000)
 ParOldGen       total 84992K, used 132K [0x0000000085400000, 0x000000008a700000, 0x00000000d7180000)
  object space 84992K, 0% used [0x0000000085400000,0x00000000854212d8,0x000000008a700000)
 Metaspace       used 18285K, capacity 18616K, committed 18944K, reserved 1067008K
  class space    used 2164K, capacity 2244K, committed 2304K, reserved 1048576K
Event: 1.685 GC heap after
Heap after GC invocations=3 (full 0):
 PSYoungGen      total 36864K, used 5106K [0x00000000d7180000, 0x00000000db980000, 0x0000000100000000)
  eden space 31744K, 0% used [0x00000000d7180000,0x00000000d7180000,0x00000000d9080000)
  from space 5120K, 99% used [0x00000000d9080000,0x00000000d957c9c8,0x00000000d9580000)
  to   space 5120K, 0% used [0x00000000db480000,0x00000000db480000,0x00000000db980000)
 ParOldGen       total 84992K, used 1139K [0x0000000085400000, 0x000000008a700000, 0x00000000d7180000)
  object space 84992K, 1% used [0x0000000085400000,0x000000008551cf68,0x000000008a700000)
 Metaspace       used 18285K, capacity 18616K, committed 18944K, reserved 1067008K
  class space    used 2164K, capacity 2244K, committed 2304K, reserved 1048576K
}
Event: 578.862 GC heap before
{Heap before GC invocations=4 (full 0):
 PSYoungGen      total 36864K, used 35922K [0x00000000d7180000, 0x00000000db980000, 0x0000000100000000)
  eden space 31744K, 97% used [0x00000000d7180000,0x00000000d8f98190,0x00000000d9080000)
  from space 5120K, 99% used [0x00000000d9080000,0x00000000d957c9c8,0x00000000d9580000)
  to   space 5120K, 0% used [0x00000000db480000,0x00000000db480000,0x00000000db980000)
 ParOldGen       total 84992K, used 1139K [0x0000000085400000, 0x000000008a700000, 0x00000000d7180000)
  object space 84992K, 1% used [0x0000000085400000,0x000000008551cf68,0x000000008a700000)
 Metaspace       used 20674K, capacity 21088K, committed 21296K, reserved 1069056K
  class space    used 2483K, capacity 2582K, committed 2688K, reserved 1048576K
Event: 578.877 GC heap after
Heap after GC invocations=4 (full 0):
 PSYoungGen      total 36864K, used 5106K [0x00000000d7180000, 0x00000000db980000, 0x0000000100000000)
  eden space 31744K, 0% used [0x00000000d7180000,0x00000000d7180000,0x00000000d9080000)
  from space 5120K, 99% used [0x00000000db480000,0x00000000db97c9e8,0x00000000db980000)
  to   space 5120K, 0% used [0x00000000d9080000,0x00000000d9080000,0x00000000d9580000)
 ParOldGen       total 84992K, used 2753K [0x0000000085400000, 0x000000008a700000, 0x00000000d7180000)
  object space 84992K, 3% used [0x0000000085400000,0x00000000856b06f0,0x000000008a700000)
 Metaspace       used 20674K, capacity 21088K, committed 21296K, reserved 1069056K
  class space    used 2483K, capacity 2582K, committed 2688K, reserved 1048576K
}
Event: 578.877 GC heap before
{Heap before GC invocations=5 (full 1):
 PSYoungGen      total 36864K, used 5106K [0x00000000d7180000, 0x00000000db980000, 0x0000000100000000)
  eden space 31744K, 0% used [0x00000000d7180000,0x00000000d7180000,0x00000000d9080000)
  from space 5120K, 99% used [0x00000000db480000,0x00000000db97c9e8,0x00000000db980000)
  to   space 5120K, 0% used [0x00000000d9080000,0x00000000d9080000,0x00000000d9580000)
 ParOldGen       total 84992K, used 2753K [0x0000000085400000, 0x000000008a700000, 0x00000000d7180000)
  object space 84992K, 3% used [0x0000000085400000,0x00000000856b06f0,0x000000008a700000)
 Metaspace       used 20674K, capacity 21088K, committed 21296K, reserved 1069056K
  class space    used 2483K, capacity 2582K, committed 2688K, reserved 1048576K
Event: 578.925 GC heap after
Heap after GC invocations=5 (full 1):
 PSYoungGen      total 36864K, used 0K [0x00000000d7180000, 0x00000000db980000, 0x0000000100000000)
  eden space 31744K, 0% used [0x00000000d7180000,0x00000000d7180000,0x00000000d9080000)
  from space 5120K, 0% used [0x00000000db480000,0x00000000db480000,0x00000000db980000)
  to   space 5120K, 0% used [0x00000000d9080000,0x00000000d9080000,0x00000000d9580000)
 ParOldGen       total 40448K, used 6712K [0x0000000085400000, 0x0000000087b80000, 0x00000000d7180000)
  object space 40448K, 16% used [0x0000000085400000,0x0000000085a8e1b0,0x0000000087b80000)
 Metaspace       used 20674K, capacity 21088K, committed 21296K, reserved 1069056K
  class space    used 2483K, capacity 2582K, committed 2688K, reserved 1048576K
}

